# JRE version: OpenJDK Runtime Environment Temurin-17.0.8.1+1 (17.0.8.1+1) (build 17.0.8.1+1)
# Java VM: OpenJDK 64-Bit Server VM Temurin-17.0.8.1+1 (17.0.8.1+1, mixed mode, tiered, compressed oops, compressed class ptrs, parallel gc, windows-amd64)
GC Precious Log:
 CPUs: 8 total, 8 available
 Memory: 32708M
 Large Page Support: Disabled
 NUMA Support: Disabled
 Compressed Oops: Enabled (32-bit)
 Alignments: Space 512K, Generation 512K, Heap 2M
 Heap Min Capacity: 100M
 Heap Initial Capacity: 100M
 Heap Max Capacity: 1G
 Pre-touch: Disabled
 Parallel Workers: 8
Heap:
 PSYoungGen      total 18944K, used 6519K [0x00000000eab00000, 0x00000000ec000000, 0x0000000100000000)
  eden space 17408K, 29% used [0x00000000eab00000,0x00000000eb015ec8,0x00000000ebc00000)
  from space 1536K, 85% used [0x00000000ebe80000,0x00000000ebfc8000,0x00000000ec000000)
  to   space 1536K, 0% used [0x00000000ebd00000,0x00000000ebd00000,0x00000000ebe80000)
 ParOldGen       total 68608K, used 61373K [0x00000000c0000000, 0x00000000c4300000, 0x00000000eab00000)
  object space 68608K, 89% used [0x00000000c0000000,0x00000000c3bef5f0,0x00000000c4300000)
 Metaspace       used 59694K, committed 60928K, reserved 1114112K
  class space    used 6400K, committed 6976K, reserved 1048576K
GC Heap History (20 events):
Event: 9.800 GC heap before
{Heap before GC invocations=34 (full 3):
 PSYoungGen      total 24576K, used 1440K [0x00000000eab00000, 0x00000000ec600000, 0x0000000100000000)
  eden space 19456K, 0% used [0x00000000eab00000,0x00000000eab00000,0x00000000ebe00000)
  from space 5120K, 28% used [0x00000000ebe00000,0x00000000ebf68000,0x00000000ec300000)
  to   space 3072K, 0% used [0x00000000ec300000,0x00000000ec300000,0x00000000ec600000)
 ParOldGen       total 68608K, used 55501K [0x00000000c0000000, 0x00000000c4300000, 0x00000000eab00000)
  object space 68608K, 80% used [0x00000000c0000000,0x00000000c3633548,0x00000000c4300000)
 Metaspace       used 58571K, committed 59776K, reserved 1114112K
  class space    used 6276K, committed 6848K, reserved 1048576K
}
Event: 9.886 GC heap after
{Heap after GC invocations=34 (full 3):
 PSYoungGen      total 24576K, used 0K [0x00000000eab00000, 0x00000000ec600000, 0x0000000100000000)
  eden space 19456K, 0% used [0x00000000eab00000,0x00000000eab00000,0x00000000ebe00000)
  from space 5120K, 0% used [0x00000000ebe00000,0x00000000ebe00000,0x00000000ec300000)
  to   space 3072K, 0% used [0x00000000ec300000,0x00000000ec300000,0x00000000ec600000)
 ParOldGen       total 68608K, used 44851K [0x00000000c0000000, 0x00000000c4300000, 0x00000000eab00000)
  object space 68608K, 65% used [0x00000000c0000000,0x00000000c2bccc58,0x00000000c4300000)
 Metaspace       used 58566K, committed 59776K, reserved 1114112K
  class space    used 6274K, committed 6848K, reserved 1048576K
}
Event: 10.009 GC heap before
{Heap before GC invocations=35 (full 3):
 PSYoungGen      total 24576K, used 19456K [0x00000000eab00000, 0x00000000ec600000, 0x0000000100000000)
  eden space 19456K, 100% used [0x00000000eab00000,0x00000000ebe00000,0x00000000ebe00000)
  from space 5120K, 0% used [0x00000000ebe00000,0x00000000ebe00000,0x00000000ec300000)
  to   space 3072K, 0% used [0x00000000ec300000,0x00000000ec300000,0x00000000ec600000)
 ParOldGen       total 68608K, used 44851K [0x00000000c0000000, 0x00000000c4300000, 0x00000000eab00000)
  object space 68608K, 65% used [0x00000000c0000000,0x00000000c2bccc58,0x00000000c4300000)
 Metaspace       used 58862K, committed 60032K, reserved 1114112K
  class space    used 6306K, committed 6848K, reserved 1048576K
}
Event: 10.011 GC heap after
{Heap after GC invocations=35 (full 3):
 PSYoungGen      total 22528K, used 2992K [0x00000000eab00000, 0x00000000ec600000, 0x0000000100000000)
  eden space 19456K, 0% used [0x00000000eab00000,0x00000000eab00000,0x00000000ebe00000)
  from space 3072K, 97% used [0x00000000ec300000,0x00000000ec5ec100,0x00000000ec600000)
  to   space 3584K, 0% used [0x00000000ebf00000,0x00000000ebf00000,0x00000000ec280000)
 ParOldGen       total 68608K, used 44859K [0x00000000c0000000, 0x00000000c4300000, 0x00000000eab00000)
  object space 68608K, 65% used [0x00000000c0000000,0x00000000c2bcec58,0x00000000c4300000)
 Metaspace       used 58862K, committed 60032K, reserved 1114112K
  class space    used 6306K, committed 6848K, reserved 1048576K
}
Event: 10.062 GC heap before
{Heap before GC invocations=36 (full 3):
 PSYoungGen      total 22528K, used 22448K [0x00000000eab00000, 0x00000000ec600000, 0x0000000100000000)
  eden space 19456K, 100% used [0x00000000eab00000,0x00000000ebe00000,0x00000000ebe00000)
  from space 3072K, 97% used [0x00000000ec300000,0x00000000ec5ec100,0x00000000ec600000)
  to   space 3584K, 0% used [0x00000000ebf00000,0x00000000ebf00000,0x00000000ec280000)
 ParOldGen       total 68608K, used 44859K [0x00000000c0000000, 0x00000000c4300000, 0x00000000eab00000)
  object space 68608K, 65% used [0x00000000c0000000,0x00000000c2bcec58,0x00000000c4300000)
 Metaspace       used 58869K, committed 60096K, reserved 1114112K
  class space    used 6306K, committed 6848K, reserved 1048576K
}
Event: 10.064 GC heap after
{Heap after GC invocations=36 (full 3):
 PSYoungGen      total 21504K, used 1984K [0x00000000eab00000, 0x00000000ec380000, 0x0000000100000000)
  eden space 19456K, 0% used [0x00000000eab00000,0x00000000eab00000,0x00000000ebe00000)
  from space 2048K, 96% used [0x00000000ebf00000,0x00000000ec0f0010,0x00000000ec100000)
  to   space 2560K, 0% used [0x00000000ec100000,0x00000000ec100000,0x00000000ec380000)
 ParOldGen       total 68608K, used 47679K [0x00000000c0000000, 0x00000000c4300000, 0x00000000eab00000)
  object space 68608K, 69% used [0x00000000c0000000,0x00000000c2e8ffd8,0x00000000c4300000)
 Metaspace       used 58869K, committed 60096K, reserved 1114112K
  class space    used 6306K, committed 6848K, reserved 1048576K
}
Event: 10.108 GC heap before
{Heap before GC invocations=37 (full 3):
 PSYoungGen      total 21504K, used 21440K [0x00000000eab00000, 0x00000000ec380000, 0x0000000100000000)
  eden space 19456K, 100% used [0x00000000eab00000,0x00000000ebe00000,0x00000000ebe00000)
  from space 2048K, 96% used [0x00000000ebf00000,0x00000000ec0f0010,0x00000000ec100000)
  to   space 2560K, 0% used [0x00000000ec100000,0x00000000ec100000,0x00000000ec380000)
 ParOldGen       total 68608K, used 47679K [0x00000000c0000000, 0x00000000c4300000, 0x00000000eab00000)
  object space 68608K, 69% used [0x00000000c0000000,0x00000000c2e8ffd8,0x00000000c4300000)
 Metaspace       used 58876K, committed 60096K, reserved 1114112K
  class space    used 6306K, committed 6848K, reserved 1048576K
}
Event: 10.110 GC heap after
{Heap after GC invocations=37 (full 3):
 PSYoungGen      total 22016K, used 2144K [0x00000000eab00000, 0x00000000ec380000, 0x0000000100000000)
  eden space 19456K, 0% used [0x00000000eab00000,0x00000000eab00000,0x00000000ebe00000)
  from space 2560K, 83% used [0x00000000ec100000,0x00000000ec318010,0x00000000ec380000)
  to   space 2560K, 0% used [0x00000000ebe80000,0x00000000ebe80000,0x00000000ec100000)
 ParOldGen       total 68608K, used 49511K [0x00000000c0000000, 0x00000000c4300000, 0x00000000eab00000)
  object space 68608K, 72% used [0x00000000c0000000,0x00000000c3059fd8,0x00000000c4300000)
 Metaspace       used 58876K, committed 60096K, reserved 1114112K
  class space    used 6306K, committed 6848K, reserved 1048576K
}
Event: 10.152 GC heap before
{Heap before GC invocations=38 (full 3):
 PSYoungGen      total 22016K, used 21600K [0x00000000eab00000, 0x00000000ec380000, 0x0000000100000000)
  eden space 19456K, 100% used [0x00000000eab00000,0x00000000ebe00000,0x00000000ebe00000)
  from space 2560K, 83% used [0x00000000ec100000,0x00000000ec318010,0x00000000ec380000)
  to   space 2560K, 0% used [0x00000000ebe80000,0x00000000ebe80000,0x00000000ec100000)
 ParOldGen       total 68608K, used 49511K [0x00000000c0000000, 0x00000000c4300000, 0x00000000eab00000)
  object space 68608K, 72% used [0x00000000c0000000,0x00000000c3059fd8,0x00000000c4300000)
 Metaspace       used 58881K, committed 60096K, reserved 1114112K
  class space    used 6306K, committed 6848K, reserved 1048576K
}
Event: 10.155 GC heap after
{Heap after GC invocations=38 (full 3):
 PSYoungGen      total 22016K, used 2144K [0x00000000eab00000, 0x00000000ec300000, 0x0000000100000000)
  eden space 19456K, 0% used [0x00000000eab00000,0x00000000eab00000,0x00000000ebe00000)
  from space 2560K, 83% used [0x00000000ebe80000,0x00000000ec098000,0x00000000ec100000)
  to   space 2048K, 0% used [0x00000000ec100000,0x00000000ec100000,0x00000000ec300000)
 ParOldGen       total 68608K, used 51575K [0x00000000c0000000, 0x00000000c4300000, 0x00000000eab00000)
  object space 68608K, 75% used [0x00000000c0000000,0x00000000c325dfe8,0x00000000c4300000)
 Metaspace       used 58881K, committed 60096K, reserved 1114112K
  class space    used 6306K, committed 6848K, reserved 1048576K
}
Event: 10.221 GC heap before
{Heap before GC invocations=39 (full 3):
 PSYoungGen      total 22016K, used 21600K [0x00000000eab00000, 0x00000000ec300000, 0x0000000100000000)
  eden space 19456K, 100% used [0x00000000eab00000,0x00000000ebe00000,0x00000000ebe00000)
  from space 2560K, 83% used [0x00000000ebe80000,0x00000000ec098000,0x00000000ec100000)
  to   space 2048K, 0% used [0x00000000ec100000,0x00000000ec100000,0x00000000ec300000)
 ParOldGen       total 68608K, used 51575K [0x00000000c0000000, 0x00000000c4300000, 0x00000000eab00000)
  object space 68608K, 75% used [0x00000000c0000000,0x00000000c325dfe8,0x00000000c4300000)
 Metaspace       used 58936K, committed 60096K, reserved 1114112K
  class space    used 6316K, committed 6848K, reserved 1048576K
}
Event: 10.223 GC heap after
{Heap after GC invocations=39 (full 3):
 PSYoungGen      total 19456K, used 2016K [0x00000000eab00000, 0x00000000ec800000, 0x0000000100000000)
  eden space 17408K, 0% used [0x00000000eab00000,0x00000000eab00000,0x00000000ebc00000)
  from space 2048K, 98% used [0x00000000ec100000,0x00000000ec2f8010,0x00000000ec300000)
  to   space 5120K, 0% used [0x00000000ebc00000,0x00000000ebc00000,0x00000000ec100000)
 ParOldGen       total 68608K, used 53983K [0x00000000c0000000, 0x00000000c4300000, 0x00000000eab00000)
  object space 68608K, 78% used [0x00000000c0000000,0x00000000c34b7ff8,0x00000000c4300000)
 Metaspace       used 58936K, committed 60096K, reserved 1114112K
  class space    used 6316K, committed 6848K, reserved 1048576K
}
Event: 10.388 GC heap before
{Heap before GC invocations=40 (full 3):
 PSYoungGen      total 19456K, used 19424K [0x00000000eab00000, 0x00000000ec800000, 0x0000000100000000)
  eden space 17408K, 100% used [0x00000000eab00000,0x00000000ebc00000,0x00000000ebc00000)
  from space 2048K, 98% used [0x00000000ec100000,0x00000000ec2f8010,0x00000000ec300000)
  to   space 5120K, 0% used [0x00000000ebc00000,0x00000000ebc00000,0x00000000ec100000)
 ParOldGen       total 68608K, used 53983K [0x00000000c0000000, 0x00000000c4300000, 0x00000000eab00000)
  object space 68608K, 78% used [0x00000000c0000000,0x00000000c34b7ff8,0x00000000c4300000)
 Metaspace       used 58947K, committed 60096K, reserved 1114112K
  class space    used 6318K, committed 6848K, reserved 1048576K
}
Event: 10.391 GC heap after
{Heap after GC invocations=40 (full 3):
 PSYoungGen      total 19456K, used 1632K [0x00000000eab00000, 0x00000000ec200000, 0x0000000100000000)
  eden space 17408K, 0% used [0x00000000eab00000,0x00000000eab00000,0x00000000ebc00000)
  from space 2048K, 79% used [0x00000000ebc00000,0x00000000ebd98000,0x00000000ebe00000)
  to   space 3072K, 0% used [0x00000000ebf00000,0x00000000ebf00000,0x00000000ec200000)
 ParOldGen       total 68608K, used 55976K [0x00000000c0000000, 0x00000000c4300000, 0x00000000eab00000)
  object space 68608K, 81% used [0x00000000c0000000,0x00000000c36aa170,0x00000000c4300000)
 Metaspace       used 58947K, committed 60096K, reserved 1114112K
  class space    used 6318K, committed 6848K, reserved 1048576K
}
Event: 10.535 GC heap before
{Heap before GC invocations=41 (full 3):
 PSYoungGen      total 19456K, used 19040K [0x00000000eab00000, 0x00000000ec200000, 0x0000000100000000)
  eden space 17408K, 100% used [0x00000000eab00000,0x00000000ebc00000,0x00000000ebc00000)
  from space 2048K, 79% used [0x00000000ebc00000,0x00000000ebd98000,0x00000000ebe00000)
  to   space 3072K, 0% used [0x00000000ebf00000,0x00000000ebf00000,0x00000000ec200000)
 ParOldGen       total 68608K, used 55976K [0x00000000c0000000, 0x00000000c4300000, 0x00000000eab00000)
  object space 68608K, 81% used [0x00000000c0000000,0x00000000c36aa170,0x00000000c4300000)
 Metaspace       used 59000K, committed 60096K, reserved 1114112K
  class space    used 6319K, committed 6848K, reserved 1048576K
}
Event: 10.538 GC heap after
{Heap after GC invocations=41 (full 3):
 PSYoungGen      total 19968K, used 2220K [0x00000000eab00000, 0x00000000ec180000, 0x0000000100000000)
  eden space 17408K, 0% used [0x00000000eab00000,0x00000000eab00000,0x00000000ebc00000)
  from space 2560K, 86% used [0x00000000ebf00000,0x00000000ec12b010,0x00000000ec180000)
  to   space 2560K, 0% used [0x00000000ebc80000,0x00000000ebc80000,0x00000000ebf00000)
 ParOldGen       total 68608K, used 57576K [0x00000000c0000000, 0x00000000c4300000, 0x00000000eab00000)
  object space 68608K, 83% used [0x00000000c0000000,0x00000000c383a170,0x00000000c4300000)
 Metaspace       used 59000K, committed 60096K, reserved 1114112K
  class space    used 6319K, committed 6848K, reserved 1048576K
}
Event: 10.830 GC heap before
{Heap before GC invocations=42 (full 3):
 PSYoungGen      total 19968K, used 19628K [0x00000000eab00000, 0x00000000ec180000, 0x0000000100000000)
  eden space 17408K, 100% used [0x00000000eab00000,0x00000000ebc00000,0x00000000ebc00000)
  from space 2560K, 86% used [0x00000000ebf00000,0x00000000ec12b010,0x00000000ec180000)
  to   space 2560K, 0% used [0x00000000ebc80000,0x00000000ebc80000,0x00000000ebf00000)
 ParOldGen       total 68608K, used 57576K [0x00000000c0000000, 0x00000000c4300000, 0x00000000eab00000)
  object space 68608K, 83% used [0x00000000c0000000,0x00000000c383a170,0x00000000c4300000)
 Metaspace       used 59267K, committed 60480K, reserved 1114112K
  class space    used 6345K, committed 6912K, reserved 1048576K
}
Event: 10.832 GC heap after
{Heap after GC invocations=42 (full 3):
 PSYoungGen      total 19456K, used 1792K [0x00000000eab00000, 0x00000000ec000000, 0x0000000100000000)
  eden space 17408K, 0% used [0x00000000eab00000,0x00000000eab00000,0x00000000ebc00000)
  from space 2048K, 87% used [0x00000000ebc80000,0x00000000ebe40000,0x00000000ebe80000)
  to   space 1536K, 0% used [0x00000000ebe80000,0x00000000ebe80000,0x00000000ec000000)
 ParOldGen       total 68608K, used 59668K [0x00000000c0000000, 0x00000000c4300000, 0x00000000eab00000)
  object space 68608K, 86% used [0x00000000c0000000,0x00000000c3a45180,0x00000000c4300000)
 Metaspace       used 59267K, committed 60480K, reserved 1114112K
  class space    used 6345K, committed 6912K, reserved 1048576K
}
Event: 11.130 GC heap before
{Heap before GC invocations=43 (full 3):
 PSYoungGen      total 19456K, used 19200K [0x00000000eab00000, 0x00000000ec000000, 0x0000000100000000)
  eden space 17408K, 100% used [0x00000000eab00000,0x00000000ebc00000,0x00000000ebc00000)
  from space 2048K, 87% used [0x00000000ebc80000,0x00000000ebe40000,0x00000000ebe80000)
  to   space 1536K, 0% used [0x00000000ebe80000,0x00000000ebe80000,0x00000000ec000000)
 ParOldGen       total 68608K, used 59668K [0x00000000c0000000, 0x00000000c4300000, 0x00000000eab00000)
  object space 68608K, 86% used [0x00000000c0000000,0x00000000c3a45180,0x00000000c4300000)
 Metaspace       used 59661K, committed 60928K, reserved 1114112K
  class space    used 6399K, committed 6976K, reserved 1048576K
}
Event: 11.132 GC heap after
{Heap after GC invocations=43 (full 3):
 PSYoungGen      total 18944K, used 1312K [0x00000000eab00000, 0x00000000ec000000, 0x0000000100000000)
  eden space 17408K, 0% used [0x00000000eab00000,0x00000000eab00000,0x00000000ebc00000)
  from space 1536K, 85% used [0x00000000ebe80000,0x00000000ebfc8000,0x00000000ec000000)
  to   space 1536K, 0% used [0x00000000ebd00000,0x00000000ebd00000,0x00000000ebe80000)
 ParOldGen       total 68608K, used 61373K [0x00000000c0000000, 0x00000000c4300000, 0x00000000eab00000)
  object space 68608K, 89% used [0x00000000c0000000,0x00000000c3bef5f0,0x00000000c4300000)
 Metaspace       used 59661K, committed 60928K, reserved 1114112K
  class space    used 6399K, committed 6976K, reserved 1048576K
}

